<?xml version="1.0" encoding="UTF-8"?>
<!-- Generated by org.testng.reporters.JUnitXMLReporter -->
<testsuite ignored="10" hostname="ARISTA113-PC" failures="0" tests="45" name="Test" time="2049.946" errors="0" timestamp="2024-09-30T23:38:30 IST">
  <testcase classname="com.rt.test.NewArrivals_Test" name="verifyPageLoadTime" time="14.563"/>
  <testcase classname="com.rt.test.NewArrivals_Test" name="verifyPageTitle" time="12.193"/>
  <testcase classname="com.rt.test.NewArrivals_Test" name="verifyPageURL" time="12.224"/>
  <testcase classname="com.rt.test.NewArrivals_Test" name="verifyProductNamePresence" time="12.286"/>
  <testcase classname="com.rt.test.NewArrivals_Test" name="verifyProductPricesPresence" time="12.044"/>
  <testcase classname="com.rt.test.NewArrivals_Test" name="verifyProductsOnThePage" time="12.895"/>
  <testcase classname="com.rt.test.NewArrivals_Test" name="verifyProductsQuickAddEnable" time="45.951"/>
  <testcase classname="com.rt.clothing.test.Tops_Test" name="verifyColorSwatchesPresenceAndEnable" time="222.312"/>
  <testcase classname="com.rt.clothing.test.Tops_Test" name="verifyPageLoadTime" time="13.56"/>
  <testcase classname="com.rt.clothing.test.Tops_Test" name="verifyPageTitle" time="11.673"/>
  <testcase classname="com.rt.clothing.test.Tops_Test" name="verifyPageURL" time="12.292"/>
  <testcase classname="com.rt.clothing.test.Tops_Test" name="verifyProductNamePresence" time="72.051"/>
  <testcase classname="com.rt.clothing.test.Tops_Test" name="verifyProductPricesPresence" time="21.907"/>
  <testcase classname="com.rt.clothing.test.Tops_Test" name="verifyProductsOnThePage" time="22.33"/>
  <testcase classname="com.rt.clothing.test.Tops_Test" name="verifyProductsQuickAddEnable" time="33.63"/>
  <testcase classname="com.rt.clothing.test.Tops_Test" name="verifySortByFilter" time="21.753"/>
  <testcase classname="com.rt.clothing.test.Tops_Test" name="verifyfiltersPresenceAndEnable" time="13.336"/>
  <testcase classname="com.rt.clothing.test.Dress_Test" name="verifyColorSwatchesPresenceAndEnable" time="221.975"/>
  <testcase classname="com.rt.clothing.test.Dress_Test" name="verifyPageLoadTime" time="12.862"/>
  <testcase classname="com.rt.clothing.test.Dress_Test" name="verifyPageTitle" time="11.6"/>
  <testcase classname="com.rt.clothing.test.Dress_Test" name="verifyPageURL" time="11.653"/>
  <testcase classname="com.rt.clothing.test.Dress_Test" name="verifyProductNamePresence" time="71.89"/>
  <testcase classname="com.rt.clothing.test.Dress_Test" name="verifyProductPricesPresence" time="22.34"/>
  <testcase classname="com.rt.clothing.test.Dress_Test" name="verifyProductsOnThePage" time="21.845"/>
  <testcase classname="com.rt.clothing.test.Dress_Test" name="verifyProductsQuickAddEnable" time="34.256"/>
  <testcase classname="com.rt.clothing.test.Dress_Test" name="verifySortByFilter" time="22.432"/>
  <testcase classname="com.rt.clothing.test.Dress_Test" name="verifyfiltersPresenceAndEnable" time="13.354"/>
  <testcase classname="com.rt.clothing.test.Bottoms_Test" name="verifyColorSwatchesPresenceAndEnable" time="222.117"/>
  <testcase classname="com.rt.clothing.test.Bottoms_Test" name="verifyPageLoadTime" time="13.637"/>
  <testcase classname="com.rt.clothing.test.Bottoms_Test" name="verifyPageTitle" time="11.937"/>
  <testcase classname="com.rt.clothing.test.Bottoms_Test" name="verifyPageURL" time="12.202"/>
  <testcase classname="com.rt.clothing.test.Bottoms_Test" name="verifyProductNamePresence" time="11.861"/>
  <testcase classname="com.rt.clothing.test.Bottoms_Test" name="verifyProductPricesPresence" time="12.649"/>
  <testcase classname="com.rt.clothing.test.Bottoms_Test" name="verifyProductsOnThePage" time="12.547"/>
  <testcase classname="com.rt.clothing.test.Bottoms_Test" name="verifyProductsQuickAddEnable" time="35.177"/>
  <testcase classname="com.rt.clothing.test.Jackets_Test" name="verifyColorSwatchesPresenceAndEnable" time="213.42"/>
  <testcase classname="com.rt.clothing.test.Jackets_Test" name="verifyPageLoadTime" time="13.068"/>
  <testcase classname="com.rt.clothing.test.Jackets_Test" name="verifyPageTitle" time="12.458"/>
  <testcase classname="com.rt.clothing.test.Jackets_Test" name="verifyPageURL" time="12.087"/>
  <testcase classname="com.rt.clothing.test.Jackets_Test" name="verifyProductNamePresence" time="63.277"/>
  <testcase classname="com.rt.clothing.test.Jackets_Test" name="verifyProductPricesPresence" time="13.315"/>
  <testcase classname="com.rt.clothing.test.Jackets_Test" name="verifyProductsOnThePage" time="12.21"/>
  <testcase classname="com.rt.clothing.test.Jackets_Test" name="verifyProductsQuickAddEnable" time="34.179"/>
  <testcase classname="com.rt.clothing.test.Jackets_Test" name="verifySortByFilter" time="23.158"/>
  <testcase classname="com.rt.clothing.test.Jackets_Test" name="verifyfiltersPresenceAndEnable" time="13.465"/>
  <testcase classname="com.rt.base.BaseClass" name="@BeforeSuite clearOldScreenshots" time="0.0">
    <ignored/>
  </testcase> <!-- @BeforeSuite clearOldScreenshots -->
  <testcase classname="com.rt.base.BaseClass" name="@BeforeSuite clearOldScreenshots" time="0.0">
    <ignored/>
  </testcase> <!-- @BeforeSuite clearOldScreenshots -->
  <testcase classname="com.rt.base.BaseClass" name="@BeforeSuite clearOldScreenshots" time="0.0">
    <ignored/>
  </testcase> <!-- @BeforeSuite clearOldScreenshots -->
  <testcase classname="com.rt.base.BaseClass" name="@BeforeSuite clearOldScreenshots" time="0.0">
    <ignored/>
  </testcase> <!-- @BeforeSuite clearOldScreenshots -->
  <testcase classname="com.rt.base.BaseClass" name="@BeforeSuite clearOldScreenshots" time="0.0">
    <ignored/>
  </testcase> <!-- @BeforeSuite clearOldScreenshots -->
  <testcase classname="com.rt.base.BaseClass" name="@BeforeSuite clearOldScreenshots" time="0.0">
    <ignored/>
  </testcase> <!-- @BeforeSuite clearOldScreenshots -->
  <testcase classname="com.rt.base.BaseClass" name="@BeforeSuite clearOldScreenshots" time="0.0">
    <ignored/>
  </testcase> <!-- @BeforeSuite clearOldScreenshots -->
  <testcase classname="com.rt.base.BaseClass" name="@BeforeSuite clearOldScreenshots" time="0.0">
    <ignored/>
  </testcase> <!-- @BeforeSuite clearOldScreenshots -->
  <testcase classname="com.rt.base.BaseClass" name="@BeforeSuite clearOldScreenshots" time="0.0">
    <ignored/>
  </testcase> <!-- @BeforeSuite clearOldScreenshots -->
  <testcase classname="com.rt.base.BaseClass" name="@BeforeSuite clearOldScreenshots" time="0.0">
    <ignored/>
  </testcase> <!-- @BeforeSuite clearOldScreenshots -->
</testsuite> <!-- Test -->
