<?xml version="1.0" encoding="UTF-8"?>
<testng-results ignored="0" total="5" passed="4" failed="1" skipped="0">
  <reporter-output>
  </reporter-output>
  <suite started-at="2025-01-28T19:07:00 IST" name="Default suite" finished-at="2025-01-28T19:08:10 IST" duration-ms="70526">
    <groups>
    </groups>
    <test started-at="2025-01-28T19:07:00 IST" name="Default test" finished-at="2025-01-28T19:08:10 IST" duration-ms="70526">
      <class name="com.rt.test.HomePageTest">
        <test-method is-config="true" signature="clearOldScreenshots()[pri:0, instance:com.rt.test.HomePageTest@7ce026d3]" started-at="2025-01-28T19:07:00 IST" name="clearOldScreenshots" finished-at="2025-01-28T19:07:00 IST" duration-ms="12" status="PASS">
          <reporter-output>
          </reporter-output>
        </test-method> <!-- clearOldScreenshots -->
        <test-method is-config="true" signature="openBrowser()[pri:0, instance:com.rt.test.HomePageTest@7ce026d3]" started-at="2025-01-28T19:07:00 IST" name="openBrowser" finished-at="2025-01-28T19:07:11 IST" duration-ms="11338" status="PASS">
          <reporter-output>
          </reporter-output>
        </test-method> <!-- openBrowser -->
        <test-method is-config="true" signature="loadObject()[pri:0, instance:com.rt.test.HomePageTest@7ce026d3]" started-at="2025-01-28T19:07:11 IST" name="loadObject" finished-at="2025-01-28T19:07:11 IST" duration-ms="27" status="PASS">
          <reporter-output>
          </reporter-output>
        </test-method> <!-- loadObject -->
        <test-method signature="VerifyHeader()[pri:0, instance:com.rt.test.HomePageTest@7ce026d3]" started-at="2025-01-28T19:07:11 IST" name="VerifyHeader" finished-at="2025-01-28T19:07:36 IST" duration-ms="24281" status="FAIL">
          <exception class="java.lang.AssertionError">
            <message>
              <![CDATA[New Arrivals link is not redirected to the particular page. expected [https://rebeccataylor.com/collections/fw24] but found [https://rebeccataylor.com/collections/holiday-24]]]>
            </message>
            <full-stacktrace>
              <![CDATA[java.lang.AssertionError: New Arrivals link is not redirected to the particular page. expected [https://rebeccataylor.com/collections/fw24] but found [https://rebeccataylor.com/collections/holiday-24]
at org.testng.Assert.fail(Assert.java:110)
at org.testng.Assert.failNotEquals(Assert.java:1413)
at org.testng.Assert.assertEqualsImpl(Assert.java:149)
at org.testng.Assert.assertEquals(Assert.java:131)
at org.testng.Assert.assertEquals(Assert.java:655)
at com.rt.utils.UtilityClass.verifyNewArrivalsLinkRedirection(UtilityClass.java:131)
at com.rt.utils.UtilityClass.verifyHeader(UtilityClass.java:175)
at com.rt.pages.HomePage.VerifyHeader(HomePage.java:85)
at com.rt.test.HomePageTest.VerifyHeader(HomePageTest.java:22)
at java.base/jdk.internal.reflect.NativeMethodAccessorImpl.invoke0(Native Method)
at java.base/jdk.internal.reflect.NativeMethodAccessorImpl.invoke(NativeMethodAccessorImpl.java:77)
at java.base/jdk.internal.reflect.DelegatingMethodAccessorImpl.invoke(DelegatingMethodAccessorImpl.java:43)
at java.base/java.lang.reflect.Method.invoke(Method.java:568)
at org.testng.internal.invokers.MethodInvocationHelper.invokeMethod(MethodInvocationHelper.java:139)
at org.testng.internal.invokers.TestInvoker.invokeMethod(TestInvoker.java:677)
at org.testng.internal.invokers.TestInvoker.invokeTestMethod(TestInvoker.java:221)
at org.testng.internal.invokers.MethodRunner.runInSequence(MethodRunner.java:50)
at org.testng.internal.invokers.TestInvoker$MethodInvocationAgent.invoke(TestInvoker.java:969)
at org.testng.internal.invokers.TestInvoker.invokeTestMethods(TestInvoker.java:194)
at org.testng.internal.invokers.TestMethodWorker.invokeTestMethods(TestMethodWorker.java:148)
at org.testng.internal.invokers.TestMethodWorker.run(TestMethodWorker.java:128)
at java.base/java.util.ArrayList.forEach(ArrayList.java:1511)
at org.testng.TestRunner.privateRun(TestRunner.java:829)
at org.testng.TestRunner.run(TestRunner.java:602)
at org.testng.SuiteRunner.runTest(SuiteRunner.java:437)
at org.testng.SuiteRunner.runSequentially(SuiteRunner.java:431)
at org.testng.SuiteRunner.privateRun(SuiteRunner.java:391)
at org.testng.SuiteRunner.run(SuiteRunner.java:330)
at org.testng.SuiteRunnerWorker.runSuite(SuiteRunnerWorker.java:52)
at org.testng.SuiteRunnerWorker.run(SuiteRunnerWorker.java:95)
at org.testng.TestNG.runSuitesSequentially(TestNG.java:1256)
at org.testng.TestNG.runSuitesLocally(TestNG.java:1176)
at org.testng.TestNG.runSuites(TestNG.java:1099)
at org.testng.TestNG.run(TestNG.java:1067)
at org.testng.remote.AbstractRemoteTestNG.run(AbstractRemoteTestNG.java:115)
at org.testng.remote.RemoteTestNG.initAndRun(RemoteTestNG.java:251)
at org.testng.remote.RemoteTestNG.main(RemoteTestNG.java:77)
]]>
            </full-stacktrace>
          </exception> <!-- java.lang.AssertionError -->
          <reporter-output>
          </reporter-output>
        </test-method> <!-- VerifyHeader -->
        <test-method is-config="true" signature="CloseBrowser()[pri:0, instance:com.rt.test.HomePageTest@7ce026d3]" started-at="2025-01-28T19:07:36 IST" name="CloseBrowser" finished-at="2025-01-28T19:07:36 IST" duration-ms="161" status="PASS">
          <reporter-output>
          </reporter-output>
        </test-method> <!-- CloseBrowser -->
        <test-method is-config="true" signature="openBrowser()[pri:0, instance:com.rt.test.HomePageTest@7ce026d3]" started-at="2025-01-28T19:07:36 IST" name="openBrowser" finished-at="2025-01-28T19:07:41 IST" duration-ms="5331" status="PASS">
          <reporter-output>
          </reporter-output>
        </test-method> <!-- openBrowser -->
        <test-method is-config="true" signature="loadObject()[pri:0, instance:com.rt.test.HomePageTest@7ce026d3]" started-at="2025-01-28T19:07:41 IST" name="loadObject" finished-at="2025-01-28T19:07:41 IST" duration-ms="1" status="PASS">
          <reporter-output>
          </reporter-output>
        </test-method> <!-- loadObject -->
        <test-method signature="verifPageLoadTime()[pri:0, instance:com.rt.test.HomePageTest@7ce026d3]" started-at="2025-01-28T19:07:41 IST" name="verifPageLoadTime" finished-at="2025-01-28T19:07:43 IST" duration-ms="1659" status="PASS">
          <reporter-output>
          </reporter-output>
        </test-method> <!-- verifPageLoadTime -->
        <test-method is-config="true" signature="CloseBrowser()[pri:0, instance:com.rt.test.HomePageTest@7ce026d3]" started-at="2025-01-28T19:07:43 IST" name="CloseBrowser" finished-at="2025-01-28T19:07:43 IST" duration-ms="109" status="PASS">
          <reporter-output>
          </reporter-output>
        </test-method> <!-- CloseBrowser -->
        <test-method is-config="true" signature="openBrowser()[pri:0, instance:com.rt.test.HomePageTest@7ce026d3]" started-at="2025-01-28T19:07:43 IST" name="openBrowser" finished-at="2025-01-28T19:07:47 IST" duration-ms="4563" status="PASS">
          <reporter-output>
          </reporter-output>
        </test-method> <!-- openBrowser -->
        <test-method is-config="true" signature="loadObject()[pri:0, instance:com.rt.test.HomePageTest@7ce026d3]" started-at="2025-01-28T19:07:47 IST" name="loadObject" finished-at="2025-01-28T19:07:47 IST" duration-ms="1" status="PASS">
          <reporter-output>
          </reporter-output>
        </test-method> <!-- loadObject -->
        <test-method signature="verifyFooterLinks()[pri:0, instance:com.rt.test.HomePageTest@7ce026d3]" started-at="2025-01-28T19:07:47 IST" name="verifyFooterLinks" finished-at="2025-01-28T19:07:58 IST" duration-ms="11035" status="PASS">
          <reporter-output>
          </reporter-output>
        </test-method> <!-- verifyFooterLinks -->
        <test-method is-config="true" signature="CloseBrowser()[pri:0, instance:com.rt.test.HomePageTest@7ce026d3]" started-at="2025-01-28T19:07:58 IST" name="CloseBrowser" finished-at="2025-01-28T19:07:59 IST" duration-ms="137" status="PASS">
          <reporter-output>
          </reporter-output>
        </test-method> <!-- CloseBrowser -->
        <test-method is-config="true" signature="openBrowser()[pri:0, instance:com.rt.test.HomePageTest@7ce026d3]" started-at="2025-01-28T19:07:59 IST" name="openBrowser" finished-at="2025-01-28T19:08:03 IST" duration-ms="4734" status="PASS">
          <reporter-output>
          </reporter-output>
        </test-method> <!-- openBrowser -->
        <test-method is-config="true" signature="loadObject()[pri:0, instance:com.rt.test.HomePageTest@7ce026d3]" started-at="2025-01-28T19:08:03 IST" name="loadObject" finished-at="2025-01-28T19:08:03 IST" duration-ms="1" status="PASS">
          <reporter-output>
          </reporter-output>
        </test-method> <!-- loadObject -->
        <test-method signature="verifyResponsive()[pri:0, instance:com.rt.test.HomePageTest@7ce026d3]" started-at="2025-01-28T19:08:03 IST" name="verifyResponsive" finished-at="2025-01-28T19:08:05 IST" duration-ms="1535" status="PASS">
          <reporter-output>
          </reporter-output>
        </test-method> <!-- verifyResponsive -->
        <test-method is-config="true" signature="CloseBrowser()[pri:0, instance:com.rt.test.HomePageTest@7ce026d3]" started-at="2025-01-28T19:08:05 IST" name="CloseBrowser" finished-at="2025-01-28T19:08:05 IST" duration-ms="85" status="PASS">
          <reporter-output>
          </reporter-output>
        </test-method> <!-- CloseBrowser -->
        <test-method is-config="true" signature="openBrowser()[pri:0, instance:com.rt.test.HomePageTest@7ce026d3]" started-at="2025-01-28T19:08:05 IST" name="openBrowser" finished-at="2025-01-28T19:08:09 IST" duration-ms="3748" status="PASS">
          <reporter-output>
          </reporter-output>
        </test-method> <!-- openBrowser -->
        <test-method is-config="true" signature="loadObject()[pri:0, instance:com.rt.test.HomePageTest@7ce026d3]" started-at="2025-01-28T19:08:09 IST" name="loadObject" finished-at="2025-01-28T19:08:09 IST" duration-ms="1" status="PASS">
          <reporter-output>
          </reporter-output>
        </test-method> <!-- loadObject -->
        <test-method signature="verifyTitle()[pri:0, instance:com.rt.test.HomePageTest@7ce026d3]" started-at="2025-01-28T19:08:09 IST" name="verifyTitle" finished-at="2025-01-28T19:08:10 IST" duration-ms="1614" status="PASS">
          <reporter-output>
          </reporter-output>
        </test-method> <!-- verifyTitle -->
        <test-method is-config="true" signature="CloseBrowser()[pri:0, instance:com.rt.test.HomePageTest@7ce026d3]" started-at="2025-01-28T19:08:10 IST" name="CloseBrowser" finished-at="2025-01-28T19:08:10 IST" duration-ms="109" status="PASS">
          <reporter-output>
          </reporter-output>
        </test-method> <!-- CloseBrowser -->
      </class> <!-- com.rt.test.HomePageTest -->
    </test> <!-- Default test -->
  </suite> <!-- Default suite -->
</testng-results>
